<?xml version="1.0" encoding="utf-8"?>
<test-run id="2" testcasecount="15" result="Passed" total="15" passed="15" failed="0" inconclusive="0" skipped="0" asserts="0" engine-version="3.5.0.0" clr-version="4.0.30319.42000" start-time="2026-09-22 10:37:51Z" end-time="2026-09-22 10:37:52Z" duration="0.8885983">
  <test-suite type="TestSuite" id="1025" name="milkfrog" fullname="milkfrog" runstate="Runnable" testcasecount="15" result="Passed" start-time="2026-09-22 10:37:51Z" end-time="2026-09-22 10:37:52Z" duration="0.888598" total="15" passed="15" failed="0" inconclusive="0" skipped="0" asserts="0">
    <properties>
      <property name="platform" value="PlayMode" />
    </properties>
    <test-suite type="Assembly" id="1043" name="Milkfrog.CombatDemo.PlayTests.dll" fullname="C:/Users/pigeon/AppData/Local/Temp/MilkfrogCombatValidation/Library/ScriptAssemblies/Milkfrog.CombatDemo.PlayTests.dll" runstate="Runnable" testcasecount="15" result="Passed" start-time="2026-09-22 10:37:51Z" end-time="2026-09-22 10:37:52Z" duration="0.883072" total="15" passed="15" failed="0" inconclusive="0" skipped="0" asserts="0">
      <properties>
        <property name="_PID" value="41740" />
        <property name="_APPDOMAIN" value="Unity Child Domain" />
        <property name="platform" value="PlayMode" />
        <property name="EditorOnly" value="False" />
      </properties>
      <test-suite type="TestSuite" id="1044" name="Milkfrog" fullname="Milkfrog" runstate="Runnable" testcasecount="15" result="Passed" start-time="2026-09-22 10:37:51Z" end-time="2026-09-22 10:37:52Z" duration="0.882533" total="15" passed="15" failed="0" inconclusive="0" skipped="0" asserts="0">
        <properties />
        <test-suite type="TestSuite" id="1045" name="CombatDemo" fullname="Milkfrog.CombatDemo" runstate="Runnable" testcasecount="15" result="Passed" start-time="2026-09-22 10:37:51Z" end-time="2026-09-22 10:37:52Z" duration="0.882143" total="15" passed="15" failed="0" inconclusive="0" skipped="0" asserts="0">
          <properties />
          <test-suite type="TestSuite" id="1046" name="Tests" fullname="Milkfrog.CombatDemo.Tests" runstate="Runnable" testcasecount="15" result="Passed" start-time="2026-09-22 10:37:51Z" end-time="2026-09-22 10:37:52Z" duration="0.881726" total="15" passed="15" failed="0" inconclusive="0" skipped="0" asserts="0">
            <properties />
            <test-suite type="TestFixture" id="1026" name="AnimatedSceneTests" fullname="Milkfrog.CombatDemo.Tests.AnimatedSceneTests" classname="Milkfrog.CombatDemo.Tests.AnimatedSceneTests" runstate="Runnable" testcasecount="8" result="Passed" start-time="2026-09-22 10:37:51Z" end-time="2026-09-22 10:37:51Z" duration="0.562649" total="8" passed="8" failed="0" inconclusive="0" skipped="0" asserts="0">
              <properties />
              <test-case id="1031" name="CameraSphereCastKeepsCameraInFrontOfWall" fullname="Milkfrog.CombatDemo.Tests.AnimatedSceneTests.CameraSphereCastKeepsCameraInFrontOfWall" methodname="CameraSphereCastKeepsCameraInFrontOfWall" classname="Milkfrog.CombatDemo.Tests.AnimatedSceneTests" runstate="Runnable" seed="611494761" result="Passed" start-time="2026-09-22 10:37:51Z" end-time="2026-09-22 10:37:51Z" duration="0.176431" asserts="0">
                <properties>
                  <property name="_JOINTYPE" value="UnityCombinatorial" />
                  <property name="retryIteration" value="0" />
                  <property name="repeatIteration" value="0" />
                </properties>
              </test-case>
              <test-case id="1028" name="FreezeIgnoresFreshInputsAndResetClearsAllFeedback" fullname="Milkfrog.CombatDemo.Tests.AnimatedSceneTests.FreezeIgnoresFreshInputsAndResetClearsAllFeedback" methodname="FreezeIgnoresFreshInputsAndResetClearsAllFeedback" classname="Milkfrog.CombatDemo.Tests.AnimatedSceneTests" runstate="Runnable" seed="1486828288" result="Passed" start-time="2026-09-22 10:37:51Z" end-time="2026-09-22 10:37:51Z" duration="0.051554" asserts="0">
                <properties>
                  <property name="_JOINTYPE" value="UnityCombinatorial" />
                  <property name="retryIteration" value="0" />
                  <property name="repeatIteration" value="0" />
                </properties>
              </test-case>
              <test-case id="1030" name="FreshGuardAfterExactFreezeBoundaryIsNotOverwritten" fullname="Milkfrog.CombatDemo.Tests.AnimatedSceneTests.FreshGuardAfterExactFreezeBoundaryIsNotOverwritten" methodname="FreshGuardAfterExactFreezeBoundaryIsNotOverwritten" classname="Milkfrog.CombatDemo.Tests.AnimatedSceneTests" runstate="Runnable" seed="1984776591" result="Passed" start-time="2026-09-22 10:37:51Z" end-time="2026-09-22 10:37:51Z" duration="0.039079" asserts="0">
                <properties>
                  <property name="_JOINTYPE" value="UnityCombinatorial" />
                  <property name="retryIteration" value="0" />
                  <property name="repeatIteration" value="0" />
                </properties>
              </test-case>
              <test-case id="1034" name="FullExchangeAt120Fps" fullname="Milkfrog.CombatDemo.Tests.AnimatedSceneTests.FullExchangeAt120Fps" methodname="FullExchangeAt120Fps" classname="Milkfrog.CombatDemo.Tests.AnimatedSceneTests" runstate="Runnable" seed="714779331" result="Passed" start-time="2026-09-22 10:37:51Z" end-time="2026-09-22 10:37:51Z" duration="0.081568" asserts="0">
                <properties>
                  <property name="_JOINTYPE" value="UnityCombinatorial" />
                  <property name="retryIteration" value="0" />
                  <property name="repeatIteration" value="0" />
                </properties>
              </test-case>
              <test-case id="1032" name="FullExchangeAt30Fps" fullname="Milkfrog.CombatDemo.Tests.AnimatedSceneTests.FullExchangeAt30Fps" methodname="FullExchangeAt30Fps" classname="Milkfrog.CombatDemo.Tests.AnimatedSceneTests" runstate="Runnable" seed="1434301430" result="Passed" start-time="2026-09-22 10:37:51Z" end-time="2026-09-22 10:37:51Z" duration="0.049595" asserts="0">
                <properties>
                  <property name="_JOINTYPE" value="UnityCombinatorial" />
                  <property name="retryIteration" value="0" />
                  <property name="repeatIteration" value="0" />
                </properties>
              </test-case>
              <test-case id="1033" name="FullExchangeAt60Fps" fullname="Milkfrog.CombatDemo.Tests.AnimatedSceneTests.FullExchangeAt60Fps" methodname="FullExchangeAt60Fps" classname="Milkfrog.CombatDemo.Tests.AnimatedSceneTests" runstate="Runnable" seed="1579837323" result="Passed" start-time="2026-09-22 10:37:51Z" end-time="2026-09-22 10:37:51Z" duration="0.055959" asserts="0">
                <properties>
                  <property name="_JOINTYPE" value="UnityCombinatorial" />
                  <property name="retryIteration" value="0" />
                  <property name="repeatIteration" value="0" />
                </properties>
              </test-case>
              <test-case id="1027" name="HumanoidClipsAnimateWithoutControllerOrRootDrift" fullname="Milkfrog.CombatDemo.Tests.AnimatedSceneTests.HumanoidClipsAnimateWithoutControllerOrRootDrift" methodname="HumanoidClipsAnimateWithoutControllerOrRootDrift" classname="Milkfrog.CombatDemo.Tests.AnimatedSceneTests" runstate="Runnable" seed="140034147" result="Passed" start-time="2026-09-22 10:37:51Z" end-time="2026-09-22 10:37:51Z" duration="0.059044" asserts="0">
                <properties>
                  <property name="_JOINTYPE" value="UnityCombinatorial" />
                  <property name="retryIteration" value="0" />
                  <property name="repeatIteration" value="0" />
                </properties>
              </test-case>
              <test-case id="1029" name="InterruptedAttackCannotLeaveDamageOrTrail" fullname="Milkfrog.CombatDemo.Tests.AnimatedSceneTests.InterruptedAttackCannotLeaveDamageOrTrail" methodname="InterruptedAttackCannotLeaveDamageOrTrail" classname="Milkfrog.CombatDemo.Tests.AnimatedSceneTests" runstate="Runnable" seed="1620799238" result="Passed" start-time="2026-09-22 10:37:51Z" end-time="2026-09-22 10:37:51Z" duration="0.038451" asserts="0">
                <properties>
                  <property name="_JOINTYPE" value="UnityCombinatorial" />
                  <property name="retryIteration" value="0" />
                  <property name="repeatIteration" value="0" />
                </properties>
              </test-case>
            </test-suite>
            <test-suite type="TestFixture" id="1035" name="CombatSceneTests" fullname="Milkfrog.CombatDemo.Tests.CombatSceneTests" classname="Milkfrog.CombatDemo.Tests.CombatSceneTests" runstate="Runnable" testcasecount="7" result="Passed" start-time="2026-09-22 10:37:51Z" end-time="2026-09-22 10:37:52Z" duration="0.317754" total="7" passed="7" failed="0" inconclusive="0" skipped="0" asserts="0">
              <properties />
              <test-case id="1039" name="EarlyGuardBlocksLateGuardDeflectsAndPlayerCanDie" fullname="Milkfrog.CombatDemo.Tests.CombatSceneTests.EarlyGuardBlocksLateGuardDeflectsAndPlayerCanDie" methodname="EarlyGuardBlocksLateGuardDeflectsAndPlayerCanDie" classname="Milkfrog.CombatDemo.Tests.CombatSceneTests" runstate="Runnable" seed="400399486" result="Passed" start-time="2026-09-22 10:37:51Z" end-time="2026-09-22 10:37:51Z" duration="0.048856" asserts="0">
                <properties>
                  <property name="_JOINTYPE" value="UnityCombinatorial" />
                  <property name="retryIteration" value="0" />
                  <property name="repeatIteration" value="0" />
                </properties>
                <output><![CDATA[[CombatDemo] ENEMY Neutral -> Guard
]]></output>
              </test-case>
              <test-case id="1036" name="FullExchangeBreakDeathblowAndRepeatedReset" fullname="Milkfrog.CombatDemo.Tests.CombatSceneTests.FullExchangeBreakDeathblowAndRepeatedReset" methodname="FullExchangeBreakDeathblowAndRepeatedReset" classname="Milkfrog.CombatDemo.Tests.CombatSceneTests" runstate="Runnable" seed="1077961023" result="Passed" start-time="2026-09-22 10:37:51Z" end-time="2026-09-22 10:37:51Z" duration="0.035048" asserts="0">
                <properties>
                  <property name="_JOINTYPE" value="UnityCombinatorial" />
                  <property name="retryIteration" value="0" />
                  <property name="repeatIteration" value="0" />
                </properties>
                <output><![CDATA[[CombatDemo] ENEMY Neutral -> Guard
]]></output>
              </test-case>
              <test-case id="1040" name="ModeSwitchClearsPendingCounterAndResetsPositions" fullname="Milkfrog.CombatDemo.Tests.CombatSceneTests.ModeSwitchClearsPendingCounterAndResetsPositions" methodname="ModeSwitchClearsPendingCounterAndResetsPositions" classname="Milkfrog.CombatDemo.Tests.CombatSceneTests" runstate="Runnable" seed="139555923" result="Passed" start-time="2026-09-22 10:37:51Z" end-time="2026-09-22 10:37:51Z" duration="0.033201" asserts="0">
                <properties>
                  <property name="_JOINTYPE" value="UnityCombinatorial" />
                  <property name="retryIteration" value="0" />
                  <property name="repeatIteration" value="0" />
                </properties>
                <output><![CDATA[[CombatDemo] ENEMY Neutral -> Guard
]]></output>
              </test-case>
              <test-case id="1038" name="MovementRespectsActorCollisionAndArenaFloor" fullname="Milkfrog.CombatDemo.Tests.CombatSceneTests.MovementRespectsActorCollisionAndArenaFloor" methodname="MovementRespectsActorCollisionAndArenaFloor" classname="Milkfrog.CombatDemo.Tests.CombatSceneTests" runstate="Runnable" seed="988411848" result="Passed" start-time="2026-09-22 10:37:51Z" end-time="2026-09-22 10:37:51Z" duration="0.032837" asserts="0">
                <properties>
                  <property name="_JOINTYPE" value="UnityCombinatorial" />
                  <property name="retryIteration" value="0" />
                  <property name="repeatIteration" value="0" />
                </properties>
                <output><![CDATA[[CombatDemo] ENEMY Neutral -> Guard
]]></output>
              </test-case>
              <test-case id="1042" name="NewInputSystemBindingsReadKeyboardAndMouse" fullname="Milkfrog.CombatDemo.Tests.CombatSceneTests.NewInputSystemBindingsReadKeyboardAndMouse" methodname="NewInputSystemBindingsReadKeyboardAndMouse" classname="Milkfrog.CombatDemo.Tests.CombatSceneTests" runstate="Runnable" seed="1514055314" result="Passed" start-time="2026-09-22 10:37:51Z" end-time="2026-09-22 10:37:52Z" duration="0.090944" asserts="0">
                <properties>
                  <property name="_JOINTYPE" value="UnityCombinatorial" />
                  <property name="retryIteration" value="0" />
                  <property name="repeatIteration" value="0" />
                </properties>
                <output><![CDATA[[CombatDemo] ENEMY Neutral -> Guard
]]></output>
              </test-case>
              <test-case id="1037" name="PhysicsDetectionDeduplicatesMultipleCollidersAndCancelsInterruptedAttack" fullname="Milkfrog.CombatDemo.Tests.CombatSceneTests.PhysicsDetectionDeduplicatesMultipleCollidersAndCancelsInterruptedAttack" methodname="PhysicsDetectionDeduplicatesMultipleCollidersAndCancelsInterruptedAttack" classname="Milkfrog.CombatDemo.Tests.CombatSceneTests" runstate="Runnable" seed="167774809" result="Passed" start-time="2026-09-22 10:37:52Z" end-time="2026-09-22 10:37:52Z" duration="0.032872" asserts="0">
                <properties>
                  <property name="_JOINTYPE" value="UnityCombinatorial" />
                  <property name="retryIteration" value="0" />
                  <property name="repeatIteration" value="0" />
                </properties>
                <output><![CDATA[[CombatDemo] ENEMY Neutral -> Guard
]]></output>
              </test-case>
              <test-case id="1041" name="SustainedGuardCanBreakPlayerAndRecoverWithoutEnemyDeathblow" fullname="Milkfrog.CombatDemo.Tests.CombatSceneTests.SustainedGuardCanBreakPlayerAndRecoverWithoutEnemyDeathblow" methodname="SustainedGuardCanBreakPlayerAndRecoverWithoutEnemyDeathblow" classname="Milkfrog.CombatDemo.Tests.CombatSceneTests" runstate="Runnable" seed="29840019" result="Passed" start-time="2026-09-22 10:37:52Z" end-time="2026-09-22 10:37:52Z" duration="0.042030" asserts="0">
                <properties>
                  <property name="_JOINTYPE" value="UnityCombinatorial" />
                  <property name="retryIteration" value="0" />
                  <property name="repeatIteration" value="0" />
                </properties>
                <output><![CDATA[[CombatDemo] ENEMY Neutral -> Guard
Saving results to: C:/Users/pigeon/AppData/LocalLow/DefaultCompany/milkfrog\TestResults.xml
]]></output>
              </test-case>
            </test-suite>
          </test-suite>
        </test-suite>
      </test-suite>
    </test-suite>
  </test-suite>
</test-run>