<?xml version="1.0" encoding="utf-8"?>
<test-run id="2" testcasecount="20" result="Passed" total="20" passed="20" failed="0" inconclusive="0" skipped="0" asserts="0" engine-version="3.5.0.0" clr-version="4.0.30319.42000" start-time="2026-09-22 05:17:22Z" end-time="2026-09-22 05:17:22Z" duration="0.0499567">
  <test-suite type="TestSuite" id="1000" name="milkfrog" fullname="milkfrog" runstate="Runnable" testcasecount="20" result="Passed" start-time="2026-09-22 05:17:22Z" end-time="2026-09-22 05:17:22Z" duration="0.049957" total="20" passed="20" failed="0" inconclusive="0" skipped="0" asserts="0">
    <properties>
      <property name="platform" value="EditMode" />
    </properties>
    <test-suite type="Assembly" id="1024" name="Milkfrog.CombatDemo.EditTests.dll" fullname="C:/Users/pigeon/AppData/Local/Temp/MilkfrogCombatValidation/Library/ScriptAssemblies/Milkfrog.CombatDemo.EditTests.dll" runstate="Runnable" testcasecount="20" result="Passed" start-time="2026-09-22 05:17:22Z" end-time="2026-09-22 05:17:22Z" duration="0.040039" total="20" passed="20" failed="0" inconclusive="0" skipped="0" asserts="0">
      <properties>
        <property name="_PID" value="32424" />
        <property name="_APPDOMAIN" value="Unity Child Domain" />
        <property name="platform" value="EditMode" />
        <property name="EditorOnly" value="True" />
      </properties>
      <test-suite type="TestSuite" id="1025" name="Milkfrog" fullname="Milkfrog" runstate="Runnable" testcasecount="20" result="Passed" start-time="2026-09-22 05:17:22Z" end-time="2026-09-22 05:17:22Z" duration="0.039574" total="20" passed="20" failed="0" inconclusive="0" skipped="0" asserts="0">
        <properties />
        <test-suite type="TestSuite" id="1026" name="CombatDemo" fullname="Milkfrog.CombatDemo" runstate="Runnable" testcasecount="20" result="Passed" start-time="2026-09-22 05:17:22Z" end-time="2026-09-22 05:17:22Z" duration="0.039370" total="20" passed="20" failed="0" inconclusive="0" skipped="0" asserts="0">
          <properties />
          <test-suite type="TestSuite" id="1027" name="Tests" fullname="Milkfrog.CombatDemo.Tests" runstate="Runnable" testcasecount="20" result="Passed" start-time="2026-09-22 05:17:22Z" end-time="2026-09-22 05:17:22Z" duration="0.039151" total="20" passed="20" failed="0" inconclusive="0" skipped="0" asserts="0">
            <properties />
            <test-suite type="TestFixture" id="1001" name="CombatCoreTests" fullname="Milkfrog.CombatDemo.Tests.CombatCoreTests" classname="Milkfrog.CombatDemo.Tests.CombatCoreTests" runstate="Runnable" testcasecount="20" result="Passed" start-time="2026-09-22 05:17:22Z" end-time="2026-09-22 05:17:22Z" duration="0.038480" total="20" passed="20" failed="0" inconclusive="0" skipped="0" asserts="0">
              <properties />
              <test-case id="1002" name="AttackRejectsRepeatedAttackAndGuard" fullname="Milkfrog.CombatDemo.Tests.CombatCoreTests.AttackRejectsRepeatedAttackAndGuard" methodname="AttackRejectsRepeatedAttackAndGuard" classname="Milkfrog.CombatDemo.Tests.CombatCoreTests" runstate="Runnable" seed="864700575" result="Passed" start-time="2026-09-22 05:17:22Z" end-time="2026-09-22 05:17:22Z" duration="0.017664" asserts="0">
                <properties>
                  <property name="retryIteration" value="0" />
                  <property name="repeatIteration" value="0" />
                </properties>
              </test-case>
              <test-case id="1018" name="BrokenHitsDoNotRenewTimerAndBreakExpiresToZeroPosture" fullname="Milkfrog.CombatDemo.Tests.CombatCoreTests.BrokenHitsDoNotRenewTimerAndBreakExpiresToZeroPosture" methodname="BrokenHitsDoNotRenewTimerAndBreakExpiresToZeroPosture" classname="Milkfrog.CombatDemo.Tests.CombatCoreTests" runstate="Runnable" seed="2082499034" result="Passed" start-time="2026-09-22 05:17:22Z" end-time="2026-09-22 05:17:22Z" duration="0.001771" asserts="0">
                <properties>
                  <property name="retryIteration" value="0" />
                  <property name="repeatIteration" value="0" />
                </properties>
              </test-case>
              <test-case id="1020" name="DeathblowRequiresPlayerReadyFacingAndRange" fullname="Milkfrog.CombatDemo.Tests.CombatCoreTests.DeathblowRequiresPlayerReadyFacingAndRange" methodname="DeathblowRequiresPlayerReadyFacingAndRange" classname="Milkfrog.CombatDemo.Tests.CombatCoreTests" runstate="Runnable" seed="1190639283" result="Passed" start-time="2026-09-22 05:17:22Z" end-time="2026-09-22 05:17:22Z" duration="0.000308" asserts="0">
                <properties>
                  <property name="retryIteration" value="0" />
                  <property name="repeatIteration" value="0" />
                </properties>
              </test-case>
              <test-case id="1017" name="DeathWinsOverPostureBreakAndOldAttack" fullname="Milkfrog.CombatDemo.Tests.CombatCoreTests.DeathWinsOverPostureBreakAndOldAttack" methodname="DeathWinsOverPostureBreakAndOldAttack" classname="Milkfrog.CombatDemo.Tests.CombatCoreTests" runstate="Runnable" seed="1367352734" result="Passed" start-time="2026-09-22 05:17:22Z" end-time="2026-09-22 05:17:22Z" duration="0.000155" asserts="0">
                <properties>
                  <property name="retryIteration" value="0" />
                  <property name="repeatIteration" value="0" />
                </properties>
              </test-case>
              <test-case id="1016" name="DeflectCanBreakAttackerInsteadOfOrdinaryStun" fullname="Milkfrog.CombatDemo.Tests.CombatCoreTests.DeflectCanBreakAttackerInsteadOfOrdinaryStun" methodname="DeflectCanBreakAttackerInsteadOfOrdinaryStun" classname="Milkfrog.CombatDemo.Tests.CombatCoreTests" runstate="Runnable" seed="1499332837" result="Passed" start-time="2026-09-22 05:17:22Z" end-time="2026-09-22 05:17:22Z" duration="0.000112" asserts="0">
                <properties>
                  <property name="retryIteration" value="0" />
                  <property name="repeatIteration" value="0" />
                </properties>
              </test-case>
              <test-suite type="ParameterizedMethod" id="1013" name="DeflectWindowHasExclusiveEnd" fullname="Milkfrog.CombatDemo.Tests.CombatCoreTests.DeflectWindowHasExclusiveEnd" classname="Milkfrog.CombatDemo.Tests.CombatCoreTests" runstate="Runnable" testcasecount="3" result="Passed" start-time="2026-09-22 05:17:22Z" end-time="2026-09-22 05:17:22Z" duration="0.002132" total="3" passed="3" failed="0" inconclusive="0" skipped="0" asserts="0">
                <properties />
                <test-case id="1010" name="DeflectWindowHasExclusiveEnd(0.149f,Deflect)" fullname="Milkfrog.CombatDemo.Tests.CombatCoreTests.DeflectWindowHasExclusiveEnd(0.149f,Deflect)" methodname="DeflectWindowHasExclusiveEnd" classname="Milkfrog.CombatDemo.Tests.CombatCoreTests" runstate="Runnable" seed="1790534054" result="Passed" start-time="2026-09-22 05:17:22Z" end-time="2026-09-22 05:17:22Z" duration="0.000298" asserts="0">
                  <properties>
                    <property name="retryIteration" value="0" />
                    <property name="repeatIteration" value="0" />
                  </properties>
                </test-case>
                <test-case id="1011" name="DeflectWindowHasExclusiveEnd(0.15f,Block)" fullname="Milkfrog.CombatDemo.Tests.CombatCoreTests.DeflectWindowHasExclusiveEnd(0.15f,Block)" methodname="DeflectWindowHasExclusiveEnd" classname="Milkfrog.CombatDemo.Tests.CombatCoreTests" runstate="Runnable" seed="1073072431" result="Passed" start-time="2026-09-22 05:17:22Z" end-time="2026-09-22 05:17:22Z" duration="0.000053" asserts="0">
                  <properties>
                    <property name="retryIteration" value="0" />
                    <property name="repeatIteration" value="0" />
                  </properties>
                </test-case>
                <test-case id="1012" name="DeflectWindowHasExclusiveEnd(0.151f,Block)" fullname="Milkfrog.CombatDemo.Tests.CombatCoreTests.DeflectWindowHasExclusiveEnd(0.151f,Block)" methodname="DeflectWindowHasExclusiveEnd" classname="Milkfrog.CombatDemo.Tests.CombatCoreTests" runstate="Runnable" seed="1879208136" result="Passed" start-time="2026-09-22 05:17:22Z" end-time="2026-09-22 05:17:22Z" duration="0.000042" asserts="0">
                  <properties>
                    <property name="retryIteration" value="0" />
                    <property name="repeatIteration" value="0" />
                  </properties>
                </test-case>
              </test-suite>
              <test-case id="1022" name="FacingUsesHorizontalFullAngle" fullname="Milkfrog.CombatDemo.Tests.CombatCoreTests.FacingUsesHorizontalFullAngle" methodname="FacingUsesHorizontalFullAngle" classname="Milkfrog.CombatDemo.Tests.CombatCoreTests" runstate="Runnable" seed="79625596" result="Passed" start-time="2026-09-22 05:17:22Z" end-time="2026-09-22 05:17:22Z" duration="0.000636" asserts="0">
                <properties>
                  <property name="retryIteration" value="0" />
                  <property name="repeatIteration" value="0" />
                </properties>
              </test-case>
              <test-case id="1005" name="GuardBlocksWithoutHealthDamage" fullname="Milkfrog.CombatDemo.Tests.CombatCoreTests.GuardBlocksWithoutHealthDamage" methodname="GuardBlocksWithoutHealthDamage" classname="Milkfrog.CombatDemo.Tests.CombatCoreTests" runstate="Runnable" seed="1144696155" result="Passed" start-time="2026-09-22 05:17:22Z" end-time="2026-09-22 05:17:22Z" duration="0.000184" asserts="0">
                <properties>
                  <property name="retryIteration" value="0" />
                  <property name="repeatIteration" value="0" />
                </properties>
              </test-case>
              <test-case id="1014" name="HeldGuardCannotRefreshWindowButReleaseAndPressCan" fullname="Milkfrog.CombatDemo.Tests.CombatCoreTests.HeldGuardCannotRefreshWindowButReleaseAndPressCan" methodname="HeldGuardCannotRefreshWindowButReleaseAndPressCan" classname="Milkfrog.CombatDemo.Tests.CombatCoreTests" runstate="Runnable" seed="653258955" result="Passed" start-time="2026-09-22 05:17:22Z" end-time="2026-09-22 05:17:22Z" duration="0.000120" asserts="0">
                <properties>
                  <property name="retryIteration" value="0" />
                  <property name="repeatIteration" value="0" />
                </properties>
              </test-case>
              <test-case id="1015" name="InterruptedAttackCannotDeliverLateDamage" fullname="Milkfrog.CombatDemo.Tests.CombatCoreTests.InterruptedAttackCannotDeliverLateDamage" methodname="InterruptedAttackCannotDeliverLateDamage" classname="Milkfrog.CombatDemo.Tests.CombatCoreTests" runstate="Runnable" seed="1404075170" result="Passed" start-time="2026-09-22 05:17:22Z" end-time="2026-09-22 05:17:22Z" duration="0.000427" asserts="0">
                <properties>
                  <property name="retryIteration" value="0" />
                  <property name="repeatIteration" value="0" />
                </properties>
              </test-case>
              <test-case id="1004" name="OneAttackHitsEachTargetOnlyOnce" fullname="Milkfrog.CombatDemo.Tests.CombatCoreTests.OneAttackHitsEachTargetOnlyOnce" methodname="OneAttackHitsEachTargetOnlyOnce" classname="Milkfrog.CombatDemo.Tests.CombatCoreTests" runstate="Runnable" seed="1365289015" result="Passed" start-time="2026-09-22 05:17:22Z" end-time="2026-09-22 05:17:22Z" duration="0.000184" asserts="0">
                <properties>
                  <property name="retryIteration" value="0" />
                  <property name="repeatIteration" value="0" />
                </properties>
              </test-case>
              <test-case id="1023" name="PoliciesCannotParryOutsideGuardOrFromBehind" fullname="Milkfrog.CombatDemo.Tests.CombatCoreTests.PoliciesCannotParryOutsideGuardOrFromBehind" methodname="PoliciesCannotParryOutsideGuardOrFromBehind" classname="Milkfrog.CombatDemo.Tests.CombatCoreTests" runstate="Runnable" seed="2065973692" result="Passed" start-time="2026-09-22 05:17:22Z" end-time="2026-09-22 05:17:22Z" duration="0.000278" asserts="0">
                <properties>
                  <property name="retryIteration" value="0" />
                  <property name="repeatIteration" value="0" />
                </properties>
              </test-case>
              <test-suite type="ParameterizedMethod" id="1008" name="RearAttackBypassesBothGuardAndDeflect" fullname="Milkfrog.CombatDemo.Tests.CombatCoreTests.RearAttackBypassesBothGuardAndDeflect" classname="Milkfrog.CombatDemo.Tests.CombatCoreTests" runstate="Runnable" testcasecount="2" result="Passed" start-time="2026-09-22 05:17:22Z" end-time="2026-09-22 05:17:22Z" duration="0.000537" total="2" passed="2" failed="0" inconclusive="0" skipped="0" asserts="0">
                <properties />
                <test-case id="1006" name="RearAttackBypassesBothGuardAndDeflect(False)" fullname="Milkfrog.CombatDemo.Tests.CombatCoreTests.RearAttackBypassesBothGuardAndDeflect(False)" methodname="RearAttackBypassesBothGuardAndDeflect" classname="Milkfrog.CombatDemo.Tests.CombatCoreTests" runstate="Runnable" seed="1962738156" result="Passed" start-time="2026-09-22 05:17:22Z" end-time="2026-09-22 05:17:22Z" duration="0.000181" asserts="0">
                  <properties>
                    <property name="retryIteration" value="0" />
                    <property name="repeatIteration" value="0" />
                  </properties>
                </test-case>
                <test-case id="1007" name="RearAttackBypassesBothGuardAndDeflect(True)" fullname="Milkfrog.CombatDemo.Tests.CombatCoreTests.RearAttackBypassesBothGuardAndDeflect(True)" methodname="RearAttackBypassesBothGuardAndDeflect" classname="Milkfrog.CombatDemo.Tests.CombatCoreTests" runstate="Runnable" seed="2068665027" result="Passed" start-time="2026-09-22 05:17:22Z" end-time="2026-09-22 05:17:22Z" duration="0.000035" asserts="0">
                  <properties>
                    <property name="retryIteration" value="0" />
                    <property name="repeatIteration" value="0" />
                  </properties>
                </test-case>
              </test-suite>
              <test-case id="1019" name="RecoveryWaitsForDelayAndOnlyRunsWhileReady" fullname="Milkfrog.CombatDemo.Tests.CombatCoreTests.RecoveryWaitsForDelayAndOnlyRunsWhileReady" methodname="RecoveryWaitsForDelayAndOnlyRunsWhileReady" classname="Milkfrog.CombatDemo.Tests.CombatCoreTests" runstate="Runnable" seed="843288485" result="Passed" start-time="2026-09-22 05:17:22Z" end-time="2026-09-22 05:17:22Z" duration="0.000160" asserts="0">
                <properties>
                  <property name="retryIteration" value="0" />
                  <property name="repeatIteration" value="0" />
                </properties>
              </test-case>
              <test-case id="1021" name="ResetClearsDeathGuardWindowAttackAndResources" fullname="Milkfrog.CombatDemo.Tests.CombatCoreTests.ResetClearsDeathGuardWindowAttackAndResources" methodname="ResetClearsDeathGuardWindowAttackAndResources" classname="Milkfrog.CombatDemo.Tests.CombatCoreTests" runstate="Runnable" seed="2144387256" result="Passed" start-time="2026-09-22 05:17:22Z" end-time="2026-09-22 05:17:22Z" duration="0.000196" asserts="0">
                <properties>
                  <property name="retryIteration" value="0" />
                  <property name="repeatIteration" value="0" />
                </properties>
              </test-case>
              <test-case id="1003" name="SlowFrameStillSamplesActiveAndFinishesAttack" fullname="Milkfrog.CombatDemo.Tests.CombatCoreTests.SlowFrameStillSamplesActiveAndFinishesAttack" methodname="SlowFrameStillSamplesActiveAndFinishesAttack" classname="Milkfrog.CombatDemo.Tests.CombatCoreTests" runstate="Runnable" seed="399238186" result="Passed" start-time="2026-09-22 05:17:22Z" end-time="2026-09-22 05:17:22Z" duration="0.001753" asserts="0">
                <properties>
                  <property name="retryIteration" value="0" />
                  <property name="repeatIteration" value="0" />
                </properties>
              </test-case>
              <test-case id="1009" name="SuccessfulDeflectInterruptsAttackerAndPreservesDefender" fullname="Milkfrog.CombatDemo.Tests.CombatCoreTests.SuccessfulDeflectInterruptsAttackerAndPreservesDefender" methodname="SuccessfulDeflectInterruptsAttackerAndPreservesDefender" classname="Milkfrog.CombatDemo.Tests.CombatCoreTests" runstate="Runnable" seed="1799678116" result="Passed" start-time="2026-09-22 05:17:22Z" end-time="2026-09-22 05:17:22Z" duration="0.000231" asserts="0">
                <properties>
                  <property name="retryIteration" value="0" />
                  <property name="repeatIteration" value="0" />
                </properties>
                <output><![CDATA[Saving results to: C:/Users/pigeon/AppData/LocalLow/DefaultCompany/milkfrog\TestResults.xml
]]></output>
              </test-case>
            </test-suite>
          </test-suite>
        </test-suite>
      </test-suite>
    </test-suite>
  </test-suite>
</test-run>