<?xml version="1.0" encoding="utf-8"?>
<test-run id="2" testcasecount="7" result="Passed" total="7" passed="7" failed="0" inconclusive="0" skipped="0" asserts="0" engine-version="3.5.0.0" clr-version="4.0.30319.42000" start-time="2026-09-22 05:26:36Z" end-time="2026-09-22 05:26:36Z" duration="0.5293059">
  <test-suite type="TestSuite" id="1016" name="milkfrog" fullname="milkfrog" runstate="Runnable" testcasecount="7" result="Passed" start-time="2026-09-22 05:26:36Z" end-time="2026-09-22 05:26:36Z" duration="0.529306" total="7" passed="7" failed="0" inconclusive="0" skipped="0" asserts="0">
    <properties>
      <property name="platform" value="PlayMode" />
    </properties>
    <test-suite type="Assembly" id="1025" name="Milkfrog.CombatDemo.PlayTests.dll" fullname="C:/Users/pigeon/AppData/Local/Temp/MilkfrogCombatValidation/Library/ScriptAssemblies/Milkfrog.CombatDemo.PlayTests.dll" runstate="Runnable" testcasecount="7" result="Passed" start-time="2026-09-22 05:26:36Z" end-time="2026-09-22 05:26:36Z" duration="0.523323" total="7" passed="7" failed="0" inconclusive="0" skipped="0" asserts="0">
      <properties>
        <property name="_PID" value="13944" />
        <property name="_APPDOMAIN" value="Unity Child Domain" />
        <property name="platform" value="PlayMode" />
        <property name="EditorOnly" value="False" />
      </properties>
      <test-suite type="TestSuite" id="1026" name="Milkfrog" fullname="Milkfrog" runstate="Runnable" testcasecount="7" result="Passed" start-time="2026-09-22 05:26:36Z" end-time="2026-09-22 05:26:36Z" duration="0.522698" total="7" passed="7" failed="0" inconclusive="0" skipped="0" asserts="0">
        <properties />
        <test-suite type="TestSuite" id="1027" name="CombatDemo" fullname="Milkfrog.CombatDemo" runstate="Runnable" testcasecount="7" result="Passed" start-time="2026-09-22 05:26:36Z" end-time="2026-09-22 05:26:36Z" duration="0.522309" total="7" passed="7" failed="0" inconclusive="0" skipped="0" asserts="0">
          <properties />
          <test-suite type="TestSuite" id="1028" name="Tests" fullname="Milkfrog.CombatDemo.Tests" runstate="Runnable" testcasecount="7" result="Passed" start-time="2026-09-22 05:26:36Z" end-time="2026-09-22 05:26:36Z" duration="0.522056" total="7" passed="7" failed="0" inconclusive="0" skipped="0" asserts="0">
            <properties />
            <test-suite type="TestFixture" id="1017" name="CombatSceneTests" fullname="Milkfrog.CombatDemo.Tests.CombatSceneTests" classname="Milkfrog.CombatDemo.Tests.CombatSceneTests" runstate="Runnable" testcasecount="7" result="Passed" start-time="2026-09-22 05:26:36Z" end-time="2026-09-22 05:26:36Z" duration="0.521040" total="7" passed="7" failed="0" inconclusive="0" skipped="0" asserts="0">
              <properties />
              <test-case id="1021" name="EarlyGuardBlocksLateGuardDeflectsAndPlayerCanDie" fullname="Milkfrog.CombatDemo.Tests.CombatSceneTests.EarlyGuardBlocksLateGuardDeflectsAndPlayerCanDie" methodname="EarlyGuardBlocksLateGuardDeflectsAndPlayerCanDie" classname="Milkfrog.CombatDemo.Tests.CombatSceneTests" runstate="Runnable" seed="480523998" result="Passed" start-time="2026-09-22 05:26:36Z" end-time="2026-09-22 05:26:36Z" duration="0.179642" asserts="0">
                <properties>
                  <property name="_JOINTYPE" value="UnityCombinatorial" />
                  <property name="retryIteration" value="0" />
                  <property name="repeatIteration" value="0" />
                </properties>
                <output><![CDATA[[CombatDemo] ENEMY Neutral -> Guard
]]></output>
              </test-case>
              <test-case id="1018" name="FullExchangeBreakDeathblowAndRepeatedReset" fullname="Milkfrog.CombatDemo.Tests.CombatSceneTests.FullExchangeBreakDeathblowAndRepeatedReset" methodname="FullExchangeBreakDeathblowAndRepeatedReset" classname="Milkfrog.CombatDemo.Tests.CombatSceneTests" runstate="Runnable" seed="746241084" result="Passed" start-time="2026-09-22 05:26:36Z" end-time="2026-09-22 05:26:36Z" duration="0.044862" asserts="0">
                <properties>
                  <property name="_JOINTYPE" value="UnityCombinatorial" />
                  <property name="retryIteration" value="0" />
                  <property name="repeatIteration" value="0" />
                </properties>
                <output><![CDATA[[CombatDemo] ENEMY Neutral -> Guard
]]></output>
              </test-case>
              <test-case id="1022" name="ModeSwitchClearsPendingCounterAndResetsPositions" fullname="Milkfrog.CombatDemo.Tests.CombatSceneTests.ModeSwitchClearsPendingCounterAndResetsPositions" methodname="ModeSwitchClearsPendingCounterAndResetsPositions" classname="Milkfrog.CombatDemo.Tests.CombatSceneTests" runstate="Runnable" seed="1267829342" result="Passed" start-time="2026-09-22 05:26:36Z" end-time="2026-09-22 05:26:36Z" duration="0.042505" asserts="0">
                <properties>
                  <property name="_JOINTYPE" value="UnityCombinatorial" />
                  <property name="retryIteration" value="0" />
                  <property name="repeatIteration" value="0" />
                </properties>
                <output><![CDATA[[CombatDemo] ENEMY Neutral -> Guard
]]></output>
              </test-case>
              <test-case id="1020" name="MovementRespectsActorCollisionAndArenaFloor" fullname="Milkfrog.CombatDemo.Tests.CombatSceneTests.MovementRespectsActorCollisionAndArenaFloor" methodname="MovementRespectsActorCollisionAndArenaFloor" classname="Milkfrog.CombatDemo.Tests.CombatSceneTests" runstate="Runnable" seed="766050066" result="Passed" start-time="2026-09-22 05:26:36Z" end-time="2026-09-22 05:26:36Z" duration="0.045143" asserts="0">
                <properties>
                  <property name="_JOINTYPE" value="UnityCombinatorial" />
                  <property name="retryIteration" value="0" />
                  <property name="repeatIteration" value="0" />
                </properties>
                <output><![CDATA[[CombatDemo] ENEMY Neutral -> Guard
]]></output>
              </test-case>
              <test-case id="1024" name="NewInputSystemBindingsReadKeyboardAndMouse" fullname="Milkfrog.CombatDemo.Tests.CombatSceneTests.NewInputSystemBindingsReadKeyboardAndMouse" methodname="NewInputSystemBindingsReadKeyboardAndMouse" classname="Milkfrog.CombatDemo.Tests.CombatSceneTests" runstate="Runnable" seed="2041468887" result="Passed" start-time="2026-09-22 05:26:36Z" end-time="2026-09-22 05:26:36Z" duration="0.109899" asserts="0">
                <properties>
                  <property name="_JOINTYPE" value="UnityCombinatorial" />
                  <property name="retryIteration" value="0" />
                  <property name="repeatIteration" value="0" />
                </properties>
                <output><![CDATA[[CombatDemo] ENEMY Neutral -> Guard
]]></output>
              </test-case>
              <test-case id="1019" name="PhysicsDetectionDeduplicatesMultipleCollidersAndCancelsInterruptedAttack" fullname="Milkfrog.CombatDemo.Tests.CombatSceneTests.PhysicsDetectionDeduplicatesMultipleCollidersAndCancelsInterruptedAttack" methodname="PhysicsDetectionDeduplicatesMultipleCollidersAndCancelsInterruptedAttack" classname="Milkfrog.CombatDemo.Tests.CombatSceneTests" runstate="Runnable" seed="823438658" result="Passed" start-time="2026-09-22 05:26:36Z" end-time="2026-09-22 05:26:36Z" duration="0.039752" asserts="0">
                <properties>
                  <property name="_JOINTYPE" value="UnityCombinatorial" />
                  <property name="retryIteration" value="0" />
                  <property name="repeatIteration" value="0" />
                </properties>
                <output><![CDATA[[CombatDemo] ENEMY Neutral -> Guard
]]></output>
              </test-case>
              <test-case id="1023" name="SustainedGuardCanBreakPlayerAndRecoverWithoutEnemyDeathblow" fullname="Milkfrog.CombatDemo.Tests.CombatSceneTests.SustainedGuardCanBreakPlayerAndRecoverWithoutEnemyDeathblow" methodname="SustainedGuardCanBreakPlayerAndRecoverWithoutEnemyDeathblow" classname="Milkfrog.CombatDemo.Tests.CombatSceneTests" runstate="Runnable" seed="508866332" result="Passed" start-time="2026-09-22 05:26:36Z" end-time="2026-09-22 05:26:36Z" duration="0.047255" asserts="0">
                <properties>
                  <property name="_JOINTYPE" value="UnityCombinatorial" />
                  <property name="retryIteration" value="0" />
                  <property name="repeatIteration" value="0" />
                </properties>
                <output><![CDATA[[CombatDemo] ENEMY Neutral -> Guard
Saving results to: C:/Users/pigeon/AppData/LocalLow/DefaultCompany/milkfrog\TestResults.xml
]]></output>
              </test-case>
            </test-suite>
          </test-suite>
        </test-suite>
      </test-suite>
    </test-suite>
  </test-suite>
</test-run>